I, [2017-09-26T21:36:17.203742 #75882]  INFO -- : Cleared interactions before example "PaymentServiceClient get_payment retorna un pago"
I, [2017-09-26T21:36:17.207377 #75882]  INFO -- : Registered expected interaction GET /payments/1234
D, [2017-09-26T21:36:17.207527 #75882] DEBUG -- : {
  "description": "una petición de un pago",
  "providerState": "un pago existe",
  "request": {
    "method": "get",
    "path": "/payments/1234",
    "query": ""
  },
  "response": {
    "status": 200,
    "headers": {
      "Content-Type": "application/json; charset=utf-8"
    },
    "body": {
      "id": 1234,
      "valor": 224.25,
      "direccionFactura": "Estadio Rodrigo Paz Delgado",
      "nombreFactura": "Hernán Barcos"
    }
  }
}
I, [2017-09-26T21:36:17.211984 #75882]  INFO -- : Received request GET /payments/1234
D, [2017-09-26T21:36:17.212108 #75882] DEBUG -- : {
  "path": "/payments/1234",
  "query": "",
  "method": "get",
  "headers": {
    "Accept-Encoding": "gzip;q=1.0,deflate;q=0.6,identity;q=0.3",
    "Accept": "*/*",
    "User-Agent": "Ruby",
    "Connection": "close",
    "Host": "localhost:1234",
    "Version": "HTTP/1.1"
  }
}
I, [2017-09-26T21:36:17.212298 #75882]  INFO -- : Found matching response for GET /payments/1234
D, [2017-09-26T21:36:17.212365 #75882] DEBUG -- : {
  "status": 200,
  "headers": {
    "Content-Type": "application/json; charset=utf-8"
  },
  "body": {
    "id": 1234,
    "valor": 224.25,
    "direccionFactura": "Estadio Rodrigo Paz Delgado",
    "nombreFactura": "Hernán Barcos"
  }
}
I, [2017-09-26T21:36:17.216947 #75882]  INFO -- : Received request GET /payments/1234
D, [2017-09-26T21:36:17.217012 #75882] DEBUG -- : {
  "path": "/payments/1234",
  "query": "",
  "method": "get",
  "headers": {
    "Accept-Encoding": "gzip;q=1.0,deflate;q=0.6,identity;q=0.3",
    "Accept": "*/*",
    "User-Agent": "Ruby",
    "Connection": "close",
    "Host": "localhost:1234",
    "Version": "HTTP/1.1"
  }
}
I, [2017-09-26T21:36:17.217140 #75882]  INFO -- : Found matching response for GET /payments/1234
D, [2017-09-26T21:36:17.217272 #75882] DEBUG -- : {
  "status": 200,
  "headers": {
    "Content-Type": "application/json; charset=utf-8"
  },
  "body": {
    "id": 1234,
    "valor": 224.25,
    "direccionFactura": "Estadio Rodrigo Paz Delgado",
    "nombreFactura": "Hernán Barcos"
  }
}
I, [2017-09-26T21:36:17.222128 #75882]  INFO -- : Received request GET /payments/1234
D, [2017-09-26T21:36:17.222194 #75882] DEBUG -- : {
  "path": "/payments/1234",
  "query": "",
  "method": "get",
  "headers": {
    "Accept-Encoding": "gzip;q=1.0,deflate;q=0.6,identity;q=0.3",
    "Accept": "*/*",
    "User-Agent": "Ruby",
    "Connection": "close",
    "Host": "localhost:1234",
    "Version": "HTTP/1.1"
  }
}
I, [2017-09-26T21:36:17.222310 #75882]  INFO -- : Found matching response for GET /payments/1234
D, [2017-09-26T21:36:17.222366 #75882] DEBUG -- : {
  "status": 200,
  "headers": {
    "Content-Type": "application/json; charset=utf-8"
  },
  "body": {
    "id": 1234,
    "valor": 224.25,
    "direccionFactura": "Estadio Rodrigo Paz Delgado",
    "nombreFactura": "Hernán Barcos"
  }
}
I, [2017-09-26T21:36:17.227211 #75882]  INFO -- : Received request GET /payments/1234
D, [2017-09-26T21:36:17.227306 #75882] DEBUG -- : {
  "path": "/payments/1234",
  "query": "",
  "method": "get",
  "headers": {
    "Accept-Encoding": "gzip;q=1.0,deflate;q=0.6,identity;q=0.3",
    "Accept": "*/*",
    "User-Agent": "Ruby",
    "Connection": "close",
    "Host": "localhost:1234",
    "Version": "HTTP/1.1"
  }
}
I, [2017-09-26T21:36:17.227471 #75882]  INFO -- : Found matching response for GET /payments/1234
D, [2017-09-26T21:36:17.227891 #75882] DEBUG -- : {
  "status": 200,
  "headers": {
    "Content-Type": "application/json; charset=utf-8"
  },
  "body": {
    "id": 1234,
    "valor": 224.25,
    "direccionFactura": "Estadio Rodrigo Paz Delgado",
    "nombreFactura": "Hernán Barcos"
  }
}
I, [2017-09-26T21:36:17.233321 #75882]  INFO -- : Verifying - interactions matched for example "PaymentServiceClient get_payment retorna un pago"
I, [2017-09-26T21:36:17.237570 #75882]  INFO -- : Writing pact with details {:consumer=>{:name=>"CompreAquiExpress"}, :provider=>{:name=>"APIPago"}, :pactfile_write_mode=>"overwrite", :pact_dir=>"/Users/dvillaci/playground/ruby/pactTest/consumer/spec/pacts"}
I, [2017-09-26T21:36:17.237641 #75882]  INFO -- : Writing pact for APIPago to /Users/dvillaci/playground/ruby/pactTest/consumer/spec/pacts/compreaquiexpress-apipago.json
