# Logfile created on 2017-09-10 17:36:06 -0500 by logger.rb/53141
I, [2017-09-10T17:36:06.560980 #17182]  INFO -- : Starting app Animal Service #<Pact::MockService::App:0x007fd8e09c6998> on port 1234...
I, [2017-09-10T17:36:06.973557 #17182]  INFO -- : Started on port 1234
I, [2017-09-10T17:36:07.022320 #17182]  INFO -- : Clearing all expectations
I, [2017-09-10T17:36:07.029767 #17182]  INFO -- : Verifying interactions for AnimalServiceClient get_alligator returns a alligator
D, [2017-09-10T17:36:07.037387 #17182] DEBUG -- : Supposed to be stopping
I, [2017-09-10T17:36:19.835158 #17386]  INFO -- : Starting app Animal Service #<Pact::MockService::App:0x007fcd04b96990> on port 1234...
I, [2017-09-10T17:36:19.960104 #17386]  INFO -- : Started on port 1234
I, [2017-09-10T17:36:20.001629 #17386]  INFO -- : Clearing all expectations
I, [2017-09-10T17:36:20.008725 #17386]  INFO -- : Verifying interactions for AnimalServiceClient get_alligator returns a alligator
D, [2017-09-10T17:36:20.015635 #17386] DEBUG -- : Supposed to be stopping
I, [2017-09-10T17:36:48.569103 #17503]  INFO -- : Starting app Animal Service #<Pact::MockService::App:0x007ff3b4aecba8> on port 1234...
I, [2017-09-10T17:36:48.694883 #17503]  INFO -- : Started on port 1234
I, [2017-09-10T17:36:48.738999 #17503]  INFO -- : Clearing all expectations
I, [2017-09-10T17:36:48.756522 #17503]  INFO -- : Verifying interactions for AnimalServiceClient get_alligator returns a alligator
D, [2017-09-10T17:36:48.764778 #17503] DEBUG -- : Supposed to be stopping
I, [2017-09-10T17:38:19.478004 #17682]  INFO -- : Starting app Animal Service #<Pact::MockService::App:0x007fbd0eb95870> on port 1234...
I, [2017-09-10T17:38:19.799472 #17682]  INFO -- : Started on port 1234
I, [2017-09-10T17:38:19.860610 #17682]  INFO -- : Clearing all expectations
I, [2017-09-10T17:38:19.872887 #17682]  INFO -- : Verifying interactions for AnimalServiceClient get_alligator returns a alligator
D, [2017-09-10T17:38:19.881856 #17682] DEBUG -- : Supposed to be stopping
I, [2017-09-10T17:38:22.748029 #17769]  INFO -- : Starting app Animal Service #<Pact::MockService::App:0x007fb680305758> on port 1234...
I, [2017-09-10T17:38:22.870748 #17769]  INFO -- : Started on port 1234
I, [2017-09-10T17:38:22.912749 #17769]  INFO -- : Clearing all expectations
I, [2017-09-10T17:38:22.925861 #17769]  INFO -- : Verifying interactions for AnimalServiceClient get_alligator returns a alligator
D, [2017-09-10T17:38:22.933905 #17769] DEBUG -- : Supposed to be stopping
I, [2017-09-20T16:29:30.746166 #18510]  INFO -- : Starting app Animal Service #<Pact::MockService::App:0x007fa4014450f0> on port 1234...
I, [2017-09-20T16:29:31.396943 #18510]  INFO -- : Started on port 1234
I, [2017-09-20T16:29:31.877037 #18510]  INFO -- : Clearing all expectations
I, [2017-09-20T16:29:31.893986 #18510]  INFO -- : Verifying interactions for AnimalServiceClient get_alligator returns a alligator
D, [2017-09-20T16:29:31.902402 #18510] DEBUG -- : Supposed to be stopping
I, [2017-09-20T16:32:42.154652 #18792]  INFO -- : Starting app Animal Service #<Pact::MockService::App:0x007fc3992b5458> on port 1234...
I, [2017-09-20T16:32:42.477000 #18792]  INFO -- : Started on port 1234
I, [2017-09-20T16:32:42.530111 #18792]  INFO -- : Clearing all expectations
I, [2017-09-20T16:32:42.559635 #18792]  INFO -- : Verifying interactions for AnimalServiceClient get_alligator returns a alligator
D, [2017-09-20T16:32:42.569460 #18792] DEBUG -- : Supposed to be stopping
I, [2017-09-20T16:33:03.832617 #18954]  INFO -- : Starting app Animal Service #<Pact::MockService::App:0x007ff996a29828> on port 1234...
I, [2017-09-20T16:33:03.956224 #18954]  INFO -- : Started on port 1234
I, [2017-09-20T16:33:03.998164 #18954]  INFO -- : Clearing all expectations
I, [2017-09-20T16:33:04.010695 #18954]  INFO -- : Verifying interactions for AnimalServiceClient get_alligator returns a alligator
D, [2017-09-20T16:33:04.018564 #18954] DEBUG -- : Supposed to be stopping
I, [2017-09-20T16:57:49.701660 #20528]  INFO -- : Starting app Animal Service #<Pact::MockService::App:0x007ffd180af3d0> on port 1234...
I, [2017-09-20T16:57:50.020641 #20528]  INFO -- : Started on port 1234
I, [2017-09-20T16:57:50.081532 #20528]  INFO -- : Clearing all expectations
I, [2017-09-20T16:57:50.099390 #20528]  INFO -- : Verifying interactions for AnimalServiceClient get_alligator returns a alligator
D, [2017-09-20T16:57:50.107962 #20528] DEBUG -- : Supposed to be stopping
I, [2017-09-20T16:57:56.014565 #20618]  INFO -- : Starting app Animal Service #<Pact::MockService::App:0x007ff09b14dc80> on port 1234...
I, [2017-09-20T16:57:56.142322 #20618]  INFO -- : Started on port 1234
I, [2017-09-20T16:57:56.184610 #20618]  INFO -- : Clearing all expectations
I, [2017-09-20T16:57:56.202952 #20618]  INFO -- : Verifying interactions for AnimalServiceClient get_alligator returns a alligator
D, [2017-09-20T16:57:56.210907 #20618] DEBUG -- : Supposed to be stopping
I, [2017-09-25T01:17:49.097054 #99394]  INFO -- : Starting app Animal Service #<Pact::MockService::App:0x007f843dc13888> on port 1234...
I, [2017-09-25T01:17:49.558613 #99394]  INFO -- : Started on port 1234
I, [2017-09-25T01:17:49.832531 #99394]  INFO -- : Clearing all expectations
I, [2017-09-25T01:17:49.867903 #99394]  INFO -- : Verifying interactions for AnimalServiceClient get_alligator returns a alligator
D, [2017-09-25T01:17:49.876539 #99394] DEBUG -- : Supposed to be stopping
I, [2017-09-25T01:18:28.360580 #99990]  INFO -- : Starting app Animal Service #<Pact::MockService::App:0x007fa0b3240d50> on port 1234...
I, [2017-09-25T01:18:28.483705 #99990]  INFO -- : Started on port 1234
I, [2017-09-25T01:18:28.523022 #99990]  INFO -- : Clearing all expectations
I, [2017-09-25T01:18:28.534902 #99990]  INFO -- : Verifying interactions for AnimalServiceClient get_alligator returns a alligator
D, [2017-09-25T01:18:28.543413 #99990] DEBUG -- : Supposed to be stopping
I, [2017-09-26T21:24:27.410044 #74593]  INFO -- : Starting app APIPago #<Pact::MockService::App:0x007fe9660b4260> on port 1234...
I, [2017-09-26T21:24:28.228301 #74593]  INFO -- : Started on port 1234
I, [2017-09-26T21:24:28.524038 #74593]  INFO -- : Clearing all expectations
I, [2017-09-26T21:24:28.570141 #74593]  INFO -- : Verifying interactions for PaymentServiceClient get_payment retorna un pago
D, [2017-09-26T21:24:28.579253 #74593] DEBUG -- : Supposed to be stopping
I, [2017-09-26T21:25:42.187955 #74761]  INFO -- : Starting app APIPago #<Pact::MockService::App:0x007ffcfa31e4e0> on port 1234...
I, [2017-09-26T21:25:42.302519 #74761]  INFO -- : Started on port 1234
I, [2017-09-26T21:25:42.389745 #74761]  INFO -- : Clearing all expectations
I, [2017-09-26T21:25:42.441443 #74761]  INFO -- : Verifying interactions for PaymentServiceClient get_payment retorna un pago
D, [2017-09-26T21:25:42.449699 #74761] DEBUG -- : Supposed to be stopping
I, [2017-09-26T21:36:16.820791 #75882]  INFO -- : Starting app APIPago #<Pact::MockService::App:0x007faa5b890b68> on port 1234...
I, [2017-09-26T21:36:17.143331 #75882]  INFO -- : Started on port 1234
I, [2017-09-26T21:36:17.200442 #75882]  INFO -- : Clearing all expectations
I, [2017-09-26T21:36:17.229837 #75882]  INFO -- : Verifying interactions for PaymentServiceClient get_payment retorna un pago
D, [2017-09-26T21:36:17.239055 #75882] DEBUG -- : Supposed to be stopping
